<?xml version="1.0" encoding="UTF-8"?>
<testng-results skipped="0" failed="1" ignored="0" total="2" passed="1">
  <reporter-output>
  </reporter-output>
  <suite name="Default suite" duration-ms="73326" started-at="2018-02-21T14:34:32Z" finished-at="2018-02-21T14:35:45Z">
    <groups>
    </groups>
    <test name="Default test" duration-ms="73326" started-at="2018-02-21T14:34:32Z" finished-at="2018-02-21T14:35:45Z">
      <class name="tests.TS01_LandingPageTest">
        <test-method status="PASS" signature="initializeProperty()[pri:0, instance:tests.TS01_LandingPageTest@618b19ad]" name="initializeProperty" is-config="true" duration-ms="91" started-at="2018-02-22T01:34:32Z" finished-at="2018-02-22T01:34:32Z">
          <reporter-output>
          </reporter-output>
        </test-method> <!-- initializeProperty -->
        <test-method status="PASS" signature="initializeDriv()[pri:0, instance:tests.TS01_LandingPageTest@618b19ad]" name="initializeDriv" is-config="true" duration-ms="7714" started-at="2018-02-22T01:34:33Z" finished-at="2018-02-22T01:34:40Z">
          <reporter-output>
          </reporter-output>
        </test-method> <!-- initializeDriv -->
        <test-method status="PASS" signature="ebayCheckout(java.lang.String)[pri:0, instance:tests.TS01_LandingPageTest@618b19ad]" name="ebayCheckout" duration-ms="41926" started-at="2018-02-22T01:34:40Z" data-provider="getData" finished-at="2018-02-22T01:35:22Z">
          <params>
            <param index="0">
              <value>
                <![CDATA[Sony tv]]>
              </value>
            </param>
          </params>
          <reporter-output>
          </reporter-output>
        </test-method> <!-- ebayCheckout -->
        <test-method status="PASS" signature="handleError(org.testng.ITestResult)[pri:0, instance:tests.TS01_LandingPageTest@618b19ad]" name="handleError" is-config="true" duration-ms="371" started-at="2018-02-22T01:35:22Z" finished-at="2018-02-22T01:35:23Z">
          <params>
            <param index="0">
              <value>
                <![CDATA[[TestResult name=ebayCheckout status=SUCCESS method=TS01_LandingPageTest.ebayCheckout(java.lang.String)[pri:0, instance:tests.TS01_LandingPageTest@618b19ad] output={null}]]]>
              </value>
            </param>
          </params>
          <reporter-output>
          </reporter-output>
        </test-method> <!-- handleError -->
        <test-method status="PASS" signature="initializeDriv()[pri:0, instance:tests.TS01_LandingPageTest@618b19ad]" name="initializeDriv" is-config="true" duration-ms="7929" started-at="2018-02-22T01:35:23Z" finished-at="2018-02-22T01:35:31Z">
          <reporter-output>
          </reporter-output>
        </test-method> <!-- initializeDriv -->
        <test-method status="FAIL" signature="ebayCheckout(java.lang.String)[pri:0, instance:tests.TS01_LandingPageTest@618b19ad]" name="ebayCheckout" duration-ms="11370" started-at="2018-02-22T01:35:31Z" data-provider="getData" finished-at="2018-02-22T01:35:42Z">
          <params>
            <param index="0">
              <value>
                <![CDATA[Samsung tv]]>
              </value>
            </param>
          </params>
          <exception class="junit.framework.AssertionFailedError">
            <message>
              <![CDATA[Unable to select random product from the displayed list]]>
            </message>
            <full-stacktrace>
              <![CDATA[junit.framework.AssertionFailedError: Unable to select random product from the displayed listat junit.framework.Assert.fail(Assert.java:47)at junit.framework.Assert.assertTrue(Assert.java:20)at pageclasses.DisplayListClass.checkDisplayList(DisplayListClass.java:133)at tests.TS01_LandingPageTest.ebayCheckout(TS01_LandingPageTest.java:76)at sun.reflect.NativeMethodAccessorImpl.invoke0(Native Method)at sun.reflect.NativeMethodAccessorImpl.invoke(NativeMethodAccessorImpl.java:62)at sun.reflect.DelegatingMethodAccessorImpl.invoke(DelegatingMethodAccessorImpl.java:43)at java.lang.reflect.Method.invoke(Method.java:498)at org.testng.internal.MethodInvocationHelper.invokeMethod(MethodInvocationHelper.java:124)at org.testng.internal.Invoker.invokeMethod(Invoker.java:571)at org.testng.internal.Invoker.invokeTestMethod(Invoker.java:707)at org.testng.internal.Invoker.invokeTestMethods(Invoker.java:979)at org.testng.internal.TestMethodWorker.invokeTestMethods(TestMethodWorker.java:125)at org.testng.internal.TestMethodWorker.run(TestMethodWorker.java:109)at org.testng.TestRunner.privateRun(TestRunner.java:648)at org.testng.TestRunner.run(TestRunner.java:505)at org.testng.SuiteRunner.runTest(SuiteRunner.java:455)at org.testng.SuiteRunner.runSequentially(SuiteRunner.java:450)at org.testng.SuiteRunner.privateRun(SuiteRunner.java:415)at org.testng.SuiteRunner.run(SuiteRunner.java:364)at org.testng.SuiteRunnerWorker.runSuite(SuiteRunnerWorker.java:52)at org.testng.SuiteRunnerWorker.run(SuiteRunnerWorker.java:84)at org.testng.TestNG.runSuitesSequentially(TestNG.java:1187)at org.testng.TestNG.runSuitesLocally(TestNG.java:1116)at org.testng.TestNG.runSuites(TestNG.java:1028)at org.testng.TestNG.run(TestNG.java:996)at org.testng.remote.AbstractRemoteTestNG.run(AbstractRemoteTestNG.java:114)at org.testng.remote.RemoteTestNG.initAndRun(RemoteTestNG.java:251)at org.testng.remote.RemoteTestNG.main(RemoteTestNG.java:77)]]>
            </full-stacktrace>
          </exception> <!-- junit.framework.AssertionFailedError -->
          <reporter-output>
          </reporter-output>
        </test-method> <!-- ebayCheckout -->
        <test-method status="PASS" signature="handleError(org.testng.ITestResult)[pri:0, instance:tests.TS01_LandingPageTest@618b19ad]" name="handleError" is-config="true" duration-ms="3208" started-at="2018-02-22T01:35:42Z" finished-at="2018-02-22T01:35:45Z">
          <params>
            <param index="0">
              <value>
                <![CDATA[[TestResult name=ebayCheckout status=FAILURE method=TS01_LandingPageTest.ebayCheckout(java.lang.String)[pri:0, instance:tests.TS01_LandingPageTest@618b19ad] output={null}]]]>
              </value>
            </param>
          </params>
          <reporter-output>
          </reporter-output>
        </test-method> <!-- handleError -->
        <test-method status="PASS" signature="tearDown()[pri:0, instance:tests.TS01_LandingPageTest@618b19ad]" name="tearDown" is-config="true" duration-ms="305" started-at="2018-02-22T01:35:45Z" finished-at="2018-02-22T01:35:45Z">
          <reporter-output>
          </reporter-output>
        </test-method> <!-- tearDown -->
      </class> <!-- tests.TS01_LandingPageTest -->
    </test> <!-- Default test -->
  </suite> <!-- Default suite -->
</testng-results>
